This is pdfTeX, Version 3.14159265-2.6-1.40.18 (TeX Live 2017/Debian) (preloaded format=pdflatex 2018.6.15)  11 OCT 2018 13:10
entering extended mode
 \write18 enabled.
 %&-line parsing enabled.
**pres.tex
(./pres.tex
LaTeX2e <2017-04-15>
Babel <3.18> and hyphenation patterns for 84 language(s) loaded.
(/usr/share/texlive/texmf-dist/tex/latex/beamer/beamer.cls
Document Class: beamer 2018/02/20 v3.50 A class for typesetting presentations
(/usr/share/texlive/texmf-dist/tex/latex/beamer/beamerbasemodes.sty
(/usr/share/texlive/texmf-dist/tex/latex/etoolbox/etoolbox.sty
Package: etoolbox 2018/02/11 v2.5e e-TeX tools for LaTeX (JAW)
\etb@tempcnta=\count79
)
\beamer@tempbox=\box26
\beamer@tempcount=\count80
\c@beamerpauses=\count81

(/usr/share/texlive/texmf-dist/tex/latex/beamer/beamerbasedecode.sty
\beamer@slideinframe=\count82
\beamer@minimum=\count83
)
\beamer@commentbox=\box27
\beamer@modecount=\count84
)
(/usr/share/texlive/texmf-dist/tex/generic/oberdiek/ifpdf.sty
Package: ifpdf 2017/03/15 v3.2 Provides the ifpdf switch
)
\headdp=\dimen102
\footheight=\dimen103
\sidebarheight=\dimen104
\beamer@tempdim=\dimen105
\beamer@finalheight=\dimen106
\beamer@animht=\dimen107
\beamer@animdp=\dimen108
\beamer@animwd=\dimen109
\beamer@leftmargin=\dimen110
\beamer@rightmargin=\dimen111
\beamer@leftsidebar=\dimen112
\beamer@rightsidebar=\dimen113
\beamer@boxsize=\dimen114
\beamer@vboxoffset=\dimen115
\beamer@descdefault=\dimen116
\beamer@descriptionwidth=\dimen117
\beamer@lastskip=\skip41
\beamer@areabox=\box28
\beamer@animcurrent=\box29
\beamer@animshowbox=\box30
\beamer@sectionbox=\box31
\beamer@logobox=\box32
\beamer@linebox=\box33
\beamer@sectioncount=\count85
\beamer@subsubsectionmax=\count86
\beamer@subsectionmax=\count87
\beamer@sectionmax=\count88
\beamer@totalheads=\count89
\beamer@headcounter=\count90
\beamer@partstartpage=\count91
\beamer@sectionstartpage=\count92
\beamer@subsectionstartpage=\count93
\beamer@animationtempa=\count94
\beamer@animationtempb=\count95
\beamer@xpos=\count96
\beamer@ypos=\count97
\beamer@ypos@offset=\count98
\beamer@showpartnumber=\count99
\beamer@currentsubsection=\count100
\beamer@coveringdepth=\count101
\beamer@sectionadjust=\count102
\beamer@tocsectionnumber=\count103

(/usr/share/texlive/texmf-dist/tex/latex/beamer/beamerbaseoptions.sty
(/usr/share/texlive/texmf-dist/tex/latex/graphics/keyval.sty
Package: keyval 2014/10/28 v1.15 key=value parser (DPC)
\KV@toks@=\toks14
))
\beamer@paperwidth=\skip42
\beamer@paperheight=\skip43

(/usr/share/texlive/texmf-dist/tex/latex/geometry/geometry.sty
Package: geometry 2010/09/12 v5.6 Page Geometry

(/usr/share/texlive/texmf-dist/tex/generic/oberdiek/ifvtex.sty
Package: ifvtex 2016/05/16 v1.6 Detect VTeX and its facilities (HO)
Package ifvtex Info: VTeX not detected.
)
(/usr/share/texlive/texmf-dist/tex/generic/ifxetex/ifxetex.sty
Package: ifxetex 2010/09/12 v0.6 Provides ifxetex conditional
)
\Gm@cnth=\count104
\Gm@cntv=\count105
\c@Gm@tempcnt=\count106
\Gm@bindingoffset=\dimen118
\Gm@wd@mp=\dimen119
\Gm@odd@mp=\dimen120
\Gm@even@mp=\dimen121
\Gm@layoutwidth=\dimen122
\Gm@layoutheight=\dimen123
\Gm@layouthoffset=\dimen124
\Gm@layoutvoffset=\dimen125
\Gm@dimlist=\toks15
)
(/usr/share/texlive/texmf-dist/tex/latex/base/size11.clo
File: size11.clo 2014/09/29 v1.4h Standard LaTeX file (size option)
)
(/usr/share/texlive/texmf-dist/tex/latex/pgf/basiclayer/pgfcore.sty
(/usr/share/texlive/texmf-dist/tex/latex/graphics/graphicx.sty
Package: graphicx 2017/06/01 v1.1a Enhanced LaTeX Graphics (DPC,SPQR)

(/usr/share/texlive/texmf-dist/tex/latex/graphics/graphics.sty
Package: graphics 2017/06/25 v1.2c Standard LaTeX Graphics (DPC,SPQR)

(/usr/share/texlive/texmf-dist/tex/latex/graphics/trig.sty
Package: trig 2016/01/03 v1.10 sin cos tan (DPC)
)
(/usr/share/texlive/texmf-dist/tex/latex/graphics-cfg/graphics.cfg
File: graphics.cfg 2016/06/04 v1.11 sample graphics configuration
)
Package graphics Info: Driver file: pdftex.def on input line 99.

(/usr/share/texlive/texmf-dist/tex/latex/graphics-def/pdftex.def
File: pdftex.def 2018/01/08 v1.0l Graphics/color driver for pdftex
))
\Gin@req@height=\dimen126
\Gin@req@width=\dimen127
)
(/usr/share/texlive/texmf-dist/tex/latex/pgf/systemlayer/pgfsys.sty
(/usr/share/texlive/texmf-dist/tex/latex/pgf/utilities/pgfrcs.sty
(/usr/share/texlive/texmf-dist/tex/generic/pgf/utilities/pgfutil-common.tex
\pgfutil@everybye=\toks16
\pgfutil@tempdima=\dimen128
\pgfutil@tempdimb=\dimen129

(/usr/share/texlive/texmf-dist/tex/generic/pgf/utilities/pgfutil-common-lists.t
ex)) (/usr/share/texlive/texmf-dist/tex/generic/pgf/utilities/pgfutil-latex.def
\pgfutil@abb=\box34
(/usr/share/texlive/texmf-dist/tex/latex/ms/everyshi.sty
Package: everyshi 2001/05/15 v3.00 EveryShipout Package (MS)
))
(/usr/share/texlive/texmf-dist/tex/generic/pgf/utilities/pgfrcs.code.tex
Package: pgfrcs 2015/08/07 v3.0.1a (rcs-revision 1.31)
))
(/usr/share/texlive/texmf-dist/tex/generic/pgf/systemlayer/pgfsys.code.tex
Package: pgfsys 2014/07/09 v3.0.1a (rcs-revision 1.48)

(/usr/share/texlive/texmf-dist/tex/generic/pgf/utilities/pgfkeys.code.tex
\pgfkeys@pathtoks=\toks17
\pgfkeys@temptoks=\toks18

(/usr/share/texlive/texmf-dist/tex/generic/pgf/utilities/pgfkeysfiltered.code.t
ex
\pgfkeys@tmptoks=\toks19
))
\pgf@x=\dimen130
\pgf@y=\dimen131
\pgf@xa=\dimen132
\pgf@ya=\dimen133
\pgf@xb=\dimen134
\pgf@yb=\dimen135
\pgf@xc=\dimen136
\pgf@yc=\dimen137
\w@pgf@writea=\write3
\r@pgf@reada=\read1
\c@pgf@counta=\count107
\c@pgf@countb=\count108
\c@pgf@countc=\count109
\c@pgf@countd=\count110
\t@pgf@toka=\toks20
\t@pgf@tokb=\toks21
\t@pgf@tokc=\toks22
 (/usr/share/texlive/texmf-dist/tex/generic/pgf/systemlayer/pgf.cfg
File: pgf.cfg 2008/05/14  (rcs-revision 1.7)
)
Driver file for pgf: pgfsys-pdftex.def

(/usr/share/texlive/texmf-dist/tex/generic/pgf/systemlayer/pgfsys-pdftex.def
File: pgfsys-pdftex.def 2014/10/11  (rcs-revision 1.35)

(/usr/share/texlive/texmf-dist/tex/generic/pgf/systemlayer/pgfsys-common-pdf.de
f
File: pgfsys-common-pdf.def 2013/10/10  (rcs-revision 1.13)
)))
(/usr/share/texlive/texmf-dist/tex/generic/pgf/systemlayer/pgfsyssoftpath.code.
tex
File: pgfsyssoftpath.code.tex 2013/09/09  (rcs-revision 1.9)
\pgfsyssoftpath@smallbuffer@items=\count111
\pgfsyssoftpath@bigbuffer@items=\count112
)
(/usr/share/texlive/texmf-dist/tex/generic/pgf/systemlayer/pgfsysprotocol.code.
tex
File: pgfsysprotocol.code.tex 2006/10/16  (rcs-revision 1.4)
)) (/usr/share/texlive/texmf-dist/tex/latex/xcolor/xcolor.sty
Package: xcolor 2016/05/11 v2.12 LaTeX color extensions (UK)

(/usr/share/texlive/texmf-dist/tex/latex/graphics-cfg/color.cfg
File: color.cfg 2016/01/02 v1.6 sample color configuration
)
Package xcolor Info: Driver file: pdftex.def on input line 225.
Package xcolor Info: Model `cmy' substituted by `cmy0' on input line 1348.
Package xcolor Info: Model `hsb' substituted by `rgb' on input line 1352.
Package xcolor Info: Model `RGB' extended on input line 1364.
Package xcolor Info: Model `HTML' substituted by `rgb' on input line 1366.
Package xcolor Info: Model `Hsb' substituted by `hsb' on input line 1367.
Package xcolor Info: Model `tHsb' substituted by `hsb' on input line 1368.
Package xcolor Info: Model `HSB' substituted by `hsb' on input line 1369.
Package xcolor Info: Model `Gray' substituted by `gray' on input line 1370.
Package xcolor Info: Model `wave' substituted by `hsb' on input line 1371.
)
(/usr/share/texlive/texmf-dist/tex/generic/pgf/basiclayer/pgfcore.code.tex
Package: pgfcore 2010/04/11 v3.0.1a (rcs-revision 1.7)

(/usr/share/texlive/texmf-dist/tex/generic/pgf/math/pgfmath.code.tex
(/usr/share/texlive/texmf-dist/tex/generic/pgf/math/pgfmathcalc.code.tex
(/usr/share/texlive/texmf-dist/tex/generic/pgf/math/pgfmathutil.code.tex)
(/usr/share/texlive/texmf-dist/tex/generic/pgf/math/pgfmathparser.code.tex
\pgfmath@dimen=\dimen138
\pgfmath@count=\count113
\pgfmath@box=\box35
\pgfmath@toks=\toks23
\pgfmath@stack@operand=\toks24
\pgfmath@stack@operation=\toks25
)
(/usr/share/texlive/texmf-dist/tex/generic/pgf/math/pgfmathfunctions.code.tex
(/usr/share/texlive/texmf-dist/tex/generic/pgf/math/pgfmathfunctions.basic.code
.tex)
(/usr/share/texlive/texmf-dist/tex/generic/pgf/math/pgfmathfunctions.trigonomet
ric.code.tex)
(/usr/share/texlive/texmf-dist/tex/generic/pgf/math/pgfmathfunctions.random.cod
e.tex)
(/usr/share/texlive/texmf-dist/tex/generic/pgf/math/pgfmathfunctions.comparison
.code.tex)
(/usr/share/texlive/texmf-dist/tex/generic/pgf/math/pgfmathfunctions.base.code.
tex)
(/usr/share/texlive/texmf-dist/tex/generic/pgf/math/pgfmathfunctions.round.code
.tex)
(/usr/share/texlive/texmf-dist/tex/generic/pgf/math/pgfmathfunctions.misc.code.
tex)
(/usr/share/texlive/texmf-dist/tex/generic/pgf/math/pgfmathfunctions.integerari
thmetics.code.tex)))
(/usr/share/texlive/texmf-dist/tex/generic/pgf/math/pgfmathfloat.code.tex
\c@pgfmathroundto@lastzeros=\count114
))
(/usr/share/texlive/texmf-dist/tex/generic/pgf/basiclayer/pgfcorepoints.code.te
x
File: pgfcorepoints.code.tex 2013/10/07  (rcs-revision 1.27)
\pgf@picminx=\dimen139
\pgf@picmaxx=\dimen140
\pgf@picminy=\dimen141
\pgf@picmaxy=\dimen142
\pgf@pathminx=\dimen143
\pgf@pathmaxx=\dimen144
\pgf@pathminy=\dimen145
\pgf@pathmaxy=\dimen146
\pgf@xx=\dimen147
\pgf@xy=\dimen148
\pgf@yx=\dimen149
\pgf@yy=\dimen150
\pgf@zx=\dimen151
\pgf@zy=\dimen152
)
(/usr/share/texlive/texmf-dist/tex/generic/pgf/basiclayer/pgfcorepathconstruct.
code.tex
File: pgfcorepathconstruct.code.tex 2013/10/07  (rcs-revision 1.29)
\pgf@path@lastx=\dimen153
\pgf@path@lasty=\dimen154
)
(/usr/share/texlive/texmf-dist/tex/generic/pgf/basiclayer/pgfcorepathusage.code
.tex
File: pgfcorepathusage.code.tex 2014/11/02  (rcs-revision 1.24)
\pgf@shorten@end@additional=\dimen155
\pgf@shorten@start@additional=\dimen156
)
(/usr/share/texlive/texmf-dist/tex/generic/pgf/basiclayer/pgfcorescopes.code.te
x
File: pgfcorescopes.code.tex 2015/05/08  (rcs-revision 1.46)
\pgfpic=\box36
\pgf@hbox=\box37
\pgf@layerbox@main=\box38
\pgf@picture@serial@count=\count115
)
(/usr/share/texlive/texmf-dist/tex/generic/pgf/basiclayer/pgfcoregraphicstate.c
ode.tex
File: pgfcoregraphicstate.code.tex 2014/11/02  (rcs-revision 1.12)
\pgflinewidth=\dimen157
)
(/usr/share/texlive/texmf-dist/tex/generic/pgf/basiclayer/pgfcoretransformation
s.code.tex
File: pgfcoretransformations.code.tex 2015/08/07  (rcs-revision 1.20)
\pgf@pt@x=\dimen158
\pgf@pt@y=\dimen159
\pgf@pt@temp=\dimen160
)
(/usr/share/texlive/texmf-dist/tex/generic/pgf/basiclayer/pgfcorequick.code.tex
File: pgfcorequick.code.tex 2008/10/09  (rcs-revision 1.3)
)
(/usr/share/texlive/texmf-dist/tex/generic/pgf/basiclayer/pgfcoreobjects.code.t
ex
File: pgfcoreobjects.code.tex 2006/10/11  (rcs-revision 1.2)
)
(/usr/share/texlive/texmf-dist/tex/generic/pgf/basiclayer/pgfcorepathprocessing
.code.tex
File: pgfcorepathprocessing.code.tex 2013/09/09  (rcs-revision 1.9)
)
(/usr/share/texlive/texmf-dist/tex/generic/pgf/basiclayer/pgfcorearrows.code.te
x
File: pgfcorearrows.code.tex 2015/05/14  (rcs-revision 1.43)
\pgfarrowsep=\dimen161
)
(/usr/share/texlive/texmf-dist/tex/generic/pgf/basiclayer/pgfcoreshade.code.tex
File: pgfcoreshade.code.tex 2013/07/15  (rcs-revision 1.15)
\pgf@max=\dimen162
\pgf@sys@shading@range@num=\count116
)
(/usr/share/texlive/texmf-dist/tex/generic/pgf/basiclayer/pgfcoreimage.code.tex
File: pgfcoreimage.code.tex 2013/07/15  (rcs-revision 1.18)

(/usr/share/texlive/texmf-dist/tex/generic/pgf/basiclayer/pgfcoreexternal.code.
tex
File: pgfcoreexternal.code.tex 2014/07/09  (rcs-revision 1.21)
\pgfexternal@startupbox=\box39
))
(/usr/share/texlive/texmf-dist/tex/generic/pgf/basiclayer/pgfcorelayers.code.te
x
File: pgfcorelayers.code.tex 2013/07/18  (rcs-revision 1.7)
)
(/usr/share/texlive/texmf-dist/tex/generic/pgf/basiclayer/pgfcoretransparency.c
ode.tex
File: pgfcoretransparency.code.tex 2013/09/30  (rcs-revision 1.5)
)
(/usr/share/texlive/texmf-dist/tex/generic/pgf/basiclayer/pgfcorepatterns.code.
tex
File: pgfcorepatterns.code.tex 2013/11/07  (rcs-revision 1.5)
))) (/usr/share/texlive/texmf-dist/tex/latex/pgf/utilities/xxcolor.sty
Package: xxcolor 2003/10/24 ver 0.1
\XC@nummixins=\count117
\XC@countmixins=\count118
)
(/usr/share/texlive/texmf-dist/tex/generic/oberdiek/atbegshi.sty
Package: atbegshi 2016/06/09 v1.18 At begin shipout hook (HO)

(/usr/share/texlive/texmf-dist/tex/generic/oberdiek/infwarerr.sty
Package: infwarerr 2016/05/16 v1.4 Providing info/warning/error messages (HO)
)
(/usr/share/texlive/texmf-dist/tex/generic/oberdiek/ltxcmds.sty
Package: ltxcmds 2016/05/16 v1.23 LaTeX kernel commands for general use (HO)
))
(/usr/share/texlive/texmf-dist/tex/latex/hyperref/hyperref.sty
Package: hyperref 2018/02/06 v6.86b Hypertext links for LaTeX

(/usr/share/texlive/texmf-dist/tex/generic/oberdiek/hobsub-hyperref.sty
Package: hobsub-hyperref 2016/05/16 v1.14 Bundle oberdiek, subset hyperref (HO)


(/usr/share/texlive/texmf-dist/tex/generic/oberdiek/hobsub-generic.sty
Package: hobsub-generic 2016/05/16 v1.14 Bundle oberdiek, subset generic (HO)
Package: hobsub 2016/05/16 v1.14 Construct package bundles (HO)
Package hobsub Info: Skipping package `infwarerr' (already loaded).
Package hobsub Info: Skipping package `ltxcmds' (already loaded).
Package: ifluatex 2016/05/16 v1.4 Provides the ifluatex switch (HO)
Package ifluatex Info: LuaTeX not detected.
Package hobsub Info: Skipping package `ifvtex' (already loaded).
Package: intcalc 2016/05/16 v1.2 Expandable calculations with integers (HO)
Package hobsub Info: Skipping package `ifpdf' (already loaded).
Package: etexcmds 2016/05/16 v1.6 Avoid name clashes with e-TeX commands (HO)
Package etexcmds Info: Could not find \expanded.
(etexcmds)             That can mean that you are not using pdfTeX 1.50 or
(etexcmds)             that some package has redefined \expanded.
(etexcmds)             In the latter case, load this package earlier.
Package: kvsetkeys 2016/05/16 v1.17 Key value parser (HO)
Package: kvdefinekeys 2016/05/16 v1.4 Define keys (HO)
Package: pdftexcmds 2018/01/21 v0.26 Utility functions of pdfTeX for LuaTeX (HO
)
Package pdftexcmds Info: LuaTeX not detected.
Package pdftexcmds Info: \pdf@primitive is available.
Package pdftexcmds Info: \pdf@ifprimitive is available.
Package pdftexcmds Info: \pdfdraftmode found.
Package: pdfescape 2016/05/16 v1.14 Implements pdfTeX's escape features (HO)
Package: bigintcalc 2016/05/16 v1.4 Expandable calculations on big integers (HO
)
Package: bitset 2016/05/16 v1.2 Handle bit-vector datatype (HO)
Package: uniquecounter 2016/05/16 v1.3 Provide unlimited unique counter (HO)
)
Package hobsub Info: Skipping package `hobsub' (already loaded).
Package: letltxmacro 2016/05/16 v1.5 Let assignment for LaTeX macros (HO)
Package: hopatch 2016/05/16 v1.3 Wrapper for package hooks (HO)
Package: xcolor-patch 2016/05/16 xcolor patch
Package: atveryend 2016/05/16 v1.9 Hooks at the very end of document (HO)
Package hobsub Info: Skipping package `atbegshi' (already loaded).
Package: refcount 2016/05/16 v3.5 Data extraction from label references (HO)
Package: hycolor 2016/05/16 v1.8 Color options for hyperref/bookmark (HO)
)
(/usr/share/texlive/texmf-dist/tex/latex/oberdiek/auxhook.sty
Package: auxhook 2016/05/16 v1.4 Hooks for auxiliary files (HO)
)
(/usr/share/texlive/texmf-dist/tex/latex/oberdiek/kvoptions.sty
Package: kvoptions 2016/05/16 v3.12 Key value format for package options (HO)
)
\@linkdim=\dimen163
\Hy@linkcounter=\count119
\Hy@pagecounter=\count120

(/usr/share/texlive/texmf-dist/tex/latex/hyperref/pd1enc.def
File: pd1enc.def 2018/02/06 v6.86b Hyperref: PDFDocEncoding definition (HO)
)
\Hy@SavedSpaceFactor=\count121

(/usr/share/texlive/texmf-dist/tex/latex/latexconfig/hyperref.cfg
File: hyperref.cfg 2002/06/06 v1.2 hyperref configuration of TeXLive
)
Package hyperref Info: Option `bookmarks' set `true' on input line 4383.
Package hyperref Info: Option `bookmarksopen' set `true' on input line 4383.
Package hyperref Info: Option `implicit' set `false' on input line 4383.
Package hyperref Info: Hyper figures OFF on input line 4509.
Package hyperref Info: Link nesting OFF on input line 4514.
Package hyperref Info: Hyper index ON on input line 4517.
Package hyperref Info: Plain pages OFF on input line 4524.
Package hyperref Info: Backreferencing OFF on input line 4529.
Package hyperref Info: Implicit mode OFF; no redefinition of LaTeX internals.
Package hyperref Info: Bookmarks ON on input line 4762.
\c@Hy@tempcnt=\count122

(/usr/share/texlive/texmf-dist/tex/latex/url/url.sty
\Urlmuskip=\muskip10
Package: url 2013/09/16  ver 3.4  Verb mode for urls, etc.
)
LaTeX Info: Redefining \url on input line 5115.
\XeTeXLinkMargin=\dimen164
\Fld@menulength=\count123
\Field@Width=\dimen165
\Fld@charsize=\dimen166
Package hyperref Info: Hyper figures OFF on input line 6369.
Package hyperref Info: Link nesting OFF on input line 6374.
Package hyperref Info: Hyper index ON on input line 6377.
Package hyperref Info: backreferencing OFF on input line 6384.
Package hyperref Info: Link coloring OFF on input line 6389.
Package hyperref Info: Link coloring with OCG OFF on input line 6394.
Package hyperref Info: PDF/A mode OFF on input line 6399.
LaTeX Info: Redefining \ref on input line 6439.
LaTeX Info: Redefining \pageref on input line 6443.
\Hy@abspage=\count124


Package hyperref Message: Stopped early.

)
Package hyperref Info: Driver (autodetected): hpdftex.
 (/usr/share/texlive/texmf-dist/tex/latex/hyperref/hpdftex.def
File: hpdftex.def 2018/02/06 v6.86b Hyperref driver for pdfTeX
\Fld@listcount=\count125
\c@bookmark@seq@number=\count126

(/usr/share/texlive/texmf-dist/tex/latex/oberdiek/rerunfilecheck.sty
Package: rerunfilecheck 2016/05/16 v1.8 Rerun checks for auxiliary files (HO)
Package uniquecounter Info: New unique counter `rerunfilecheck' on input line 2
82.
))
(/usr/share/texlive/texmf-dist/tex/latex/beamer/beamerbaserequires.sty
(/usr/share/texlive/texmf-dist/tex/latex/beamer/beamerbasecompatibility.sty)
(/usr/share/texlive/texmf-dist/tex/latex/beamer/beamerbasefont.sty
(/usr/share/texlive/texmf-dist/tex/latex/amsfonts/amssymb.sty
Package: amssymb 2013/01/14 v3.01 AMS font symbols

(/usr/share/texlive/texmf-dist/tex/latex/amsfonts/amsfonts.sty
Package: amsfonts 2013/01/14 v3.01 Basic AMSFonts support
\@emptytoks=\toks26
\symAMSa=\mathgroup4
\symAMSb=\mathgroup5
LaTeX Font Info:    Overwriting math alphabet `\mathfrak' in version `bold'
(Font)                  U/euf/m/n --> U/euf/b/n on input line 106.
))
(/usr/share/texlive/texmf-dist/tex/latex/sansmathaccent/sansmathaccent.sty
Package: sansmathaccent 2013/03/28

(/usr/share/texlive/texmf-dist/tex/latex/filehook/filehook.sty
Package: filehook 2011/10/12 v0.5d Hooks for input files
)))
(/usr/share/texlive/texmf-dist/tex/latex/beamer/beamerbasetranslator.sty
(/usr/share/texlive/texmf-dist/tex/latex/translator/translator.sty
Package: translator 2018/01/04 v1.12 Easy translation of strings in LaTeX
))
(/usr/share/texlive/texmf-dist/tex/latex/beamer/beamerbasemisc.sty)
(/usr/share/texlive/texmf-dist/tex/latex/beamer/beamerbasetwoscreens.sty)
(/usr/share/texlive/texmf-dist/tex/latex/beamer/beamerbaseoverlay.sty
\beamer@argscount=\count127
\beamer@lastskipcover=\skip44
\beamer@trivlistdepth=\count128
)
(/usr/share/texlive/texmf-dist/tex/latex/beamer/beamerbasetitle.sty)
(/usr/share/texlive/texmf-dist/tex/latex/beamer/beamerbasesection.sty
\c@lecture=\count129
\c@part=\count130
\c@section=\count131
\c@subsection=\count132
\c@subsubsection=\count133
)
(/usr/share/texlive/texmf-dist/tex/latex/beamer/beamerbaseframe.sty
\beamer@framebox=\box40
\beamer@frametitlebox=\box41
\beamer@zoombox=\box42
\beamer@zoomcount=\count134
\beamer@zoomframecount=\count135
\beamer@frametextheight=\dimen167
\c@subsectionslide=\count136
\beamer@frametopskip=\skip45
\beamer@framebottomskip=\skip46
\beamer@frametopskipautobreak=\skip47
\beamer@framebottomskipautobreak=\skip48
\beamer@envbody=\toks27
\framewidth=\dimen168
\c@framenumber=\count137
)
(/usr/share/texlive/texmf-dist/tex/latex/beamer/beamerbaseverbatim.sty
\beamer@verbatimfileout=\write4
)
(/usr/share/texlive/texmf-dist/tex/latex/beamer/beamerbaseframesize.sty
\beamer@splitbox=\box43
\beamer@autobreakcount=\count138
\beamer@autobreaklastheight=\dimen169
\beamer@frametitletoks=\toks28
\beamer@framesubtitletoks=\toks29
)
(/usr/share/texlive/texmf-dist/tex/latex/beamer/beamerbaseframecomponents.sty
\beamer@footins=\box44
)
(/usr/share/texlive/texmf-dist/tex/latex/beamer/beamerbasecolor.sty
\beamer@bg@ht=\dimen170
\beamer@bg@wd=\dimen171
\beamer@bg@dp=\dimen172
)
(/usr/share/texlive/texmf-dist/tex/latex/beamer/beamerbasenotes.sty
\beamer@frameboxcopy=\box45
)
(/usr/share/texlive/texmf-dist/tex/latex/beamer/beamerbasetoc.sty)
(/usr/share/texlive/texmf-dist/tex/latex/beamer/beamerbasetemplates.sty
\beamer@sbttoks=\toks30

(/usr/share/texlive/texmf-dist/tex/latex/beamer/beamerbaseauxtemplates.sty
(/usr/share/texlive/texmf-dist/tex/latex/beamer/beamerbaseboxes.sty
\bmb@box=\box46
\bmb@colorbox=\box47
\bmb@boxshadow=\box48
\bmb@boxshadowball=\box49
\bmb@boxshadowballlarge=\box50
\bmb@temp=\dimen173
\bmb@dima=\dimen174
\bmb@dimb=\dimen175
\bmb@prevheight=\dimen176
)
\beamer@blockheadheight=\dimen177
))
(/usr/share/texlive/texmf-dist/tex/latex/beamer/beamerbaselocalstructure.sty
(/usr/share/texlive/texmf-dist/tex/latex/tools/enumerate.sty
Package: enumerate 2015/07/23 v3.00 enumerate extensions (DPC)
\@enLab=\toks31
)
\c@figure=\count139
\c@table=\count140
\abovecaptionskip=\skip49
\belowcaptionskip=\skip50
)
(/usr/share/texlive/texmf-dist/tex/latex/beamer/beamerbasenavigation.sty
\beamer@section@min@dim=\dimen178
)
(/usr/share/texlive/texmf-dist/tex/latex/beamer/beamerbasetheorems.sty
(/usr/share/texlive/texmf-dist/tex/latex/amsmath/amsmath.sty
Package: amsmath 2017/09/02 v2.17a AMS math features
\@mathmargin=\skip51

For additional information on amsmath, use the `?' option.
(/usr/share/texlive/texmf-dist/tex/latex/amsmath/amstext.sty
Package: amstext 2000/06/29 v2.01 AMS text

(/usr/share/texlive/texmf-dist/tex/latex/amsmath/amsgen.sty
File: amsgen.sty 1999/11/30 v2.0 generic functions
\@emptytoks=\toks32
\ex@=\dimen179
))
(/usr/share/texlive/texmf-dist/tex/latex/amsmath/amsbsy.sty
Package: amsbsy 1999/11/29 v1.2d Bold Symbols
\pmbraise@=\dimen180
)
(/usr/share/texlive/texmf-dist/tex/latex/amsmath/amsopn.sty
Package: amsopn 2016/03/08 v2.02 operator names
)
\inf@bad=\count141
LaTeX Info: Redefining \frac on input line 213.
\uproot@=\count142
\leftroot@=\count143
LaTeX Info: Redefining \overline on input line 375.
\classnum@=\count144
\DOTSCASE@=\count145
LaTeX Info: Redefining \ldots on input line 472.
LaTeX Info: Redefining \dots on input line 475.
LaTeX Info: Redefining \cdots on input line 596.
\Mathstrutbox@=\box51
\strutbox@=\box52
\big@size=\dimen181
LaTeX Font Info:    Redeclaring font encoding OML on input line 712.
LaTeX Font Info:    Redeclaring font encoding OMS on input line 713.
\macc@depth=\count146
\c@MaxMatrixCols=\count147
\dotsspace@=\muskip11
\c@parentequation=\count148
\dspbrk@lvl=\count149
\tag@help=\toks33
\row@=\count150
\column@=\count151
\maxfields@=\count152
\andhelp@=\toks34
\eqnshift@=\dimen182
\alignsep@=\dimen183
\tagshift@=\dimen184
\tagwidth@=\dimen185
\totwidth@=\dimen186
\lineht@=\dimen187
\@envbody=\toks35
\multlinegap=\skip52
\multlinetaggap=\skip53
\mathdisplay@stack=\toks36
LaTeX Info: Redefining \[ on input line 2817.
LaTeX Info: Redefining \] on input line 2818.
)
(/usr/share/texlive/texmf-dist/tex/latex/amscls/amsthm.sty
Package: amsthm 2017/10/31 v2.20.4
\thm@style=\toks37
\thm@bodyfont=\toks38
\thm@headfont=\toks39
\thm@notefont=\toks40
\thm@headpunct=\toks41
\thm@preskip=\skip54
\thm@postskip=\skip55
\thm@headsep=\skip56
\dth@everypar=\toks42
)
\c@theorem=\count153
)
(/usr/share/texlive/texmf-dist/tex/latex/beamer/beamerbasethemes.sty))
(/usr/share/texlive/texmf-dist/tex/latex/beamer/beamerthemedefault.sty
(/usr/share/texlive/texmf-dist/tex/latex/beamer/beamerfontthemedefault.sty)
(/usr/share/texlive/texmf-dist/tex/latex/beamer/beamercolorthemedefault.sty)
(/usr/share/texlive/texmf-dist/tex/latex/beamer/beamerinnerthemedefault.sty
\beamer@dima=\dimen188
\beamer@dimb=\dimen189
)
(/usr/share/texlive/texmf-dist/tex/latex/beamer/beamerouterthemedefault.sty)))
(/usr/share/texlive/texmf-dist/tex/latex/tools/multicol.sty
Package: multicol 2017/04/11 v1.8q multicolumn formatting (FMi)
\c@tracingmulticols=\count154
\mult@box=\box53
\multicol@leftmargin=\dimen190
\c@unbalance=\count155
\c@collectmore=\count156
\doublecol@number=\count157
\multicoltolerance=\count158
\multicolpretolerance=\count159
\full@width=\dimen191
\page@free=\dimen192
\premulticols=\dimen193
\postmulticols=\dimen194
\multicolsep=\skip57
\multicolbaselineskip=\skip58
\partial@page=\box54
\last@line=\box55
\maxbalancingoverflow=\dimen195
\mult@rightbox=\box56
\mult@grightbox=\box57
\mult@gfirstbox=\box58
\mult@firstbox=\box59
\@tempa=\box60
\@tempa=\box61
\@tempa=\box62
\@tempa=\box63
\@tempa=\box64
\@tempa=\box65
\@tempa=\box66
\@tempa=\box67
\@tempa=\box68
\@tempa=\box69
\@tempa=\box70
\@tempa=\box71
\@tempa=\box72
\@tempa=\box73
\@tempa=\box74
\@tempa=\box75
\@tempa=\box76
\c@columnbadness=\count160
\c@finalcolumnbadness=\count161
\last@try=\dimen196
\multicolovershoot=\dimen197
\multicolundershoot=\dimen198
\mult@nat@firstbox=\box77
\colbreak@box=\box78
\mc@col@check@num=\count162
)
(/usr/share/texlive/texmf-dist/tex/latex/pgf/frontendlayer/tikz.sty
(/usr/share/texlive/texmf-dist/tex/latex/pgf/basiclayer/pgf.sty
Package: pgf 2015/08/07 v3.0.1a (rcs-revision 1.15)

(/usr/share/texlive/texmf-dist/tex/generic/pgf/modules/pgfmoduleshapes.code.tex
File: pgfmoduleshapes.code.tex 2014/03/21  (rcs-revision 1.35)
\pgfnodeparttextbox=\box79
) (/usr/share/texlive/texmf-dist/tex/generic/pgf/modules/pgfmoduleplot.code.tex
File: pgfmoduleplot.code.tex 2015/08/03  (rcs-revision 1.13)
)
(/usr/share/texlive/texmf-dist/tex/latex/pgf/compatibility/pgfcomp-version-0-65
.sty
Package: pgfcomp-version-0-65 2007/07/03 v3.0.1a (rcs-revision 1.7)
\pgf@nodesepstart=\dimen199
\pgf@nodesepend=\dimen256
)
(/usr/share/texlive/texmf-dist/tex/latex/pgf/compatibility/pgfcomp-version-1-18
.sty
Package: pgfcomp-version-1-18 2007/07/23 v3.0.1a (rcs-revision 1.1)
)) (/usr/share/texlive/texmf-dist/tex/latex/pgf/utilities/pgffor.sty
(/usr/share/texlive/texmf-dist/tex/latex/pgf/utilities/pgfkeys.sty
(/usr/share/texlive/texmf-dist/tex/generic/pgf/utilities/pgfkeys.code.tex))
(/usr/share/texlive/texmf-dist/tex/latex/pgf/math/pgfmath.sty
(/usr/share/texlive/texmf-dist/tex/generic/pgf/math/pgfmath.code.tex))
(/usr/share/texlive/texmf-dist/tex/generic/pgf/utilities/pgffor.code.tex
Package: pgffor 2013/12/13 v3.0.1a (rcs-revision 1.25)

(/usr/share/texlive/texmf-dist/tex/generic/pgf/math/pgfmath.code.tex)
\pgffor@iter=\dimen257
\pgffor@skip=\dimen258
\pgffor@stack=\toks43
\pgffor@toks=\toks44
))
(/usr/share/texlive/texmf-dist/tex/generic/pgf/frontendlayer/tikz/tikz.code.tex
Package: tikz 2015/08/07 v3.0.1a (rcs-revision 1.151)

(/usr/share/texlive/texmf-dist/tex/generic/pgf/libraries/pgflibraryplothandlers
.code.tex
File: pgflibraryplothandlers.code.tex 2013/08/31 v3.0.1a (rcs-revision 1.20)
\pgf@plot@mark@count=\count163
\pgfplotmarksize=\dimen259
)
\tikz@lastx=\dimen260
\tikz@lasty=\dimen261
\tikz@lastxsaved=\dimen262
\tikz@lastysaved=\dimen263
\tikzleveldistance=\dimen264
\tikzsiblingdistance=\dimen265
\tikz@figbox=\box80
\tikz@figbox@bg=\box81
\tikz@tempbox=\box82
\tikz@tempbox@bg=\box83
\tikztreelevel=\count164
\tikznumberofchildren=\count165
\tikznumberofcurrentchild=\count166
\tikz@fig@count=\count167

(/usr/share/texlive/texmf-dist/tex/generic/pgf/modules/pgfmodulematrix.code.tex
File: pgfmodulematrix.code.tex 2013/09/17  (rcs-revision 1.8)
\pgfmatrixcurrentrow=\count168
\pgfmatrixcurrentcolumn=\count169
\pgf@matrix@numberofcolumns=\count170
)
\tikz@expandcount=\count171

(/usr/share/texlive/texmf-dist/tex/generic/pgf/frontendlayer/tikz/libraries/tik
zlibrarytopaths.code.tex
File: tikzlibrarytopaths.code.tex 2008/06/17 v3.0.1a (rcs-revision 1.2)
)))
(/usr/share/texlive/texmf-dist/tex/latex/subfigure/subfigure.sty
Package: subfigure 2002/03/15 v2.1.5 subfigure package
\subfigtopskip=\skip59
\subfigcapskip=\skip60
\subfigcaptopadj=\dimen266
\subfigbottomskip=\skip61
\subfigcapmargin=\dimen267
\subfiglabelskip=\skip62
\c@subfigure=\count172
\c@lofdepth=\count173
\c@subtable=\count174
\c@lotdepth=\count175

****************************************
* Local config file subfigure.cfg used *
****************************************
(/usr/share/texlive/texmf-dist/tex/latex/subfigure/subfigure.cfg)
\subfig@top=\skip63
\subfig@bottom=\skip64
)
(/usr/share/texlive/texmf-dist/tex/latex/minted/minted.sty
Package: minted 2017/07/19 v2.5 Yet another Pygments shim for LaTeX

(/usr/share/texlive/texmf-dist/tex/latex/fvextra/fvextra.sty
Package: fvextra 2017/07/08 v1.3.1 fvextra - extensions and patches for fancyvr
b

(/usr/share/texlive/texmf-dist/tex/latex/base/ifthen.sty
Package: ifthen 2014/09/29 v1.1c Standard LaTeX ifthen package (DPC)
)
(/usr/share/texlive/texmf-dist/tex/latex/fancyvrb/fancyvrb.sty
Package: fancyvrb 2008/02/07

Style option: `fancyvrb' v2.7a, with DG/SPQR fixes, and firstline=lastline fix 
<2008/02/07> (tvz)
\FV@CodeLineNo=\count176
\FV@InFile=\read2
\FV@TabBox=\box84
\c@FancyVerbLine=\count177
\FV@StepNumber=\count178
\FV@OutFile=\write5
)
(/usr/share/texlive/texmf-dist/tex/latex/upquote/upquote.sty
Package: upquote 2012/04/19 v1.3 upright-quote and grave-accent glyphs in verba
tim
)
(/usr/share/texlive/texmf-dist/tex/latex/lineno/lineno.sty
Package: lineno 2005/11/02 line numbers on paragraphs v4.41
\linenopenalty=\count179
\output=\toks45
\linenoprevgraf=\count180
\linenumbersep=\dimen268
\linenumberwidth=\dimen269
\c@linenumber=\count181
\c@pagewiselinenumber=\count182
\c@LN@truepage=\count183
\c@internallinenumber=\count184
\c@internallinenumbers=\count185
\quotelinenumbersep=\dimen270
\bframerule=\dimen271
\bframesep=\dimen272
\bframebox=\box85
LaTeX Info: Redefining \\ on input line 3056.
)
\c@FV@TrueTabGroupLevel=\count186
\c@FV@TrueTabCounter=\count187
\FV@TabBox@Group=\box86
\FV@TmpLength=\skip65
\c@FV@HighlightLinesStart=\count188
\c@FV@HighlightLinesStop=\count189
\FV@LoopCount=\count190
\FV@NCharsBox=\box87
\FV@BreakIndent=\dimen273
\FV@BreakIndentNChars=\count191
\FV@BreakSymbolSepLeft=\dimen274
\FV@BreakSymbolSepLeftNChars=\count192
\FV@BreakSymbolSepRight=\dimen275
\FV@BreakSymbolSepRightNChars=\count193
\FV@BreakSymbolIndentLeft=\dimen276
\FV@BreakSymbolIndentLeftNChars=\count194
\FV@BreakSymbolIndentRight=\dimen277
\FV@BreakSymbolIndentRightNChars=\count195
\c@FancyVerbLineBreakLast=\count196
\FV@LineBox=\box88
\FV@LineIndentBox=\box89
)
(/usr/share/texlive/texmf-dist/tex/latex/tools/calc.sty
Package: calc 2014/10/28 v4.3 Infix arithmetic (KKT,FJ)
\calc@Acount=\count197
\calc@Bcount=\count198
\calc@Adimen=\dimen278
\calc@Bdimen=\dimen279
\calc@Askip=\skip66
\calc@Bskip=\skip67
LaTeX Info: Redefining \setlength on input line 80.
LaTeX Info: Redefining \addtolength on input line 81.
\calc@Ccount=\count199
\calc@Cskip=\skip68
)
(/usr/share/texlive/texmf-dist/tex/latex/tools/shellesc.sty
Package: shellesc 2016/06/07 v0.02a unified shell escape interface for LaTeX
Package shellesc Info: Unrestricted shell escape enabled on input line 67.
)
(/usr/share/texlive/texmf-dist/tex/latex/ifplatform/ifplatform.sty
Package: ifplatform 2017/10/13 v0.4a Testing for the operating system

(/usr/share/texlive/texmf-dist/tex/generic/oberdiek/catchfile.sty
Package: catchfile 2016/05/16 v1.7 Catch the contents of a file (HO)
)
runsystem(uname -s > "pres.w18")...executed.

 (./pres.w18)
runsystem(rm -- "pres.w18")...executed.

) (/usr/share/texlive/texmf-dist/tex/generic/xstring/xstring.sty
(/usr/share/texlive/texmf-dist/tex/generic/xstring/xstring.tex
\@xs@message=\write6
\integerpart=\count266
\decimalpart=\count267
)
Package: xstring 2013/10/13  v1.7c  String manipulations (C Tellechea)
)
(/usr/share/texlive/texmf-dist/tex/latex/framed/framed.sty
Package: framed 2011/10/22 v 0.96: framed or shaded text with page breaks
\OuterFrameSep=\skip69
\fb@frw=\dimen280
\fb@frh=\dimen281
\FrameRule=\dimen282
\FrameSep=\dimen283
)
(/usr/share/texlive/texmf-dist/tex/latex/float/float.sty
Package: float 2001/11/08 v1.3d Float enhancements (AL)
\c@float@type=\count268
\float@exts=\toks46
\float@box=\box90
\@float@everytoks=\toks47
\@floatcapt=\box91
)
\minted@appexistsfile=\read3
\minted@bgbox=\box92
\minted@code=\write7
\c@minted@FancyVerbLineTemp=\count269
\c@minted@pygmentizecounter=\count270
\@float@every@listing=\toks48
\c@listing=\count271
)
runsystem(mkdir -p _minted-pres)...executed.


(/usr/share/texlive/texmf-dist/tex/latex/siunitx/siunitx.sty
(/usr/share/texlive/texmf-dist/tex/latex/l3kernel/expl3.sty
Package: expl3 2018/02/21 L3 programming layer (loader) 

(/usr/share/texlive/texmf-dist/tex/latex/l3kernel/expl3-code.tex
Package: expl3 2018/02/21 L3 programming layer (code)
\c_max_int=\count272
\l_tmpa_int=\count273
\l_tmpb_int=\count274
\g_tmpa_int=\count275
\g_tmpb_int=\count276
\g__intarray_font_int=\count277
\g__prg_map_int=\count278
\c_log_iow=\count279
\l_iow_line_count_int=\count280
\l__iow_line_target_int=\count281
\l__iow_one_indent_int=\count282
\l__iow_indent_int=\count283
\c_zero_dim=\dimen284
\c_max_dim=\dimen285
\l_tmpa_dim=\dimen286
\l_tmpb_dim=\dimen287
\g_tmpa_dim=\dimen288
\g_tmpb_dim=\dimen289
\c_zero_skip=\skip70
\c_max_skip=\skip71
\l_tmpa_skip=\skip72
\l_tmpb_skip=\skip73
\g_tmpa_skip=\skip74
\g_tmpb_skip=\skip75
\c_zero_muskip=\muskip12
\c_max_muskip=\muskip13
\l_tmpa_muskip=\muskip14
\l_tmpb_muskip=\muskip15
\g_tmpa_muskip=\muskip16
\g_tmpb_muskip=\muskip17
\l_keys_choice_int=\count284
\c__fp_leading_shift_int=\count285
\c__fp_middle_shift_int=\count286
\c__fp_trailing_shift_int=\count287
\c__fp_big_leading_shift_int=\count288
\c__fp_big_middle_shift_int=\count289
\c__fp_big_trailing_shift_int=\count290
\c__fp_Bigg_leading_shift_int=\count291
\c__fp_Bigg_middle_shift_int=\count292
\c__fp_Bigg_trailing_shift_int=\count293
\c__fp_rand_size_int=\count294
\c__fp_rand_four_int=\count295
\c__fp_rand_eight_int=\count296
\l__sort_length_int=\count297
\l__sort_min_int=\count298
\l__sort_top_int=\count299
\l__sort_max_int=\count300
\l__sort_true_max_int=\count301
\l__sort_block_int=\count302
\l__sort_begin_int=\count303
\l__sort_end_int=\count304
\l__sort_A_int=\count305
\l__sort_B_int=\count306
\l__sort_C_int=\count307
\l__tl_build_start_index_int=\count308
\l__tl_build_index_int=\count309
\l__tl_analysis_normal_int=\count310
\l__tl_analysis_index_int=\count311
\l__tl_analysis_nesting_int=\count312
\l__tl_analysis_type_int=\count313
\l__regex_internal_a_int=\count314
\l__regex_internal_b_int=\count315
\l__regex_internal_c_int=\count316
\l__regex_balance_int=\count317
\l__regex_group_level_int=\count318
\l__regex_mode_int=\count319
\c__regex_cs_in_class_mode_int=\count320
\c__regex_cs_mode_int=\count321
\l__regex_catcodes_int=\count322
\l__regex_default_catcodes_int=\count323
\c__regex_catcode_D_int=\count324
\c__regex_catcode_S_int=\count325
\c__regex_catcode_L_int=\count326
\c__regex_catcode_O_int=\count327
\c__regex_catcode_A_int=\count328
\c__regex_all_catcodes_int=\count329
\l__regex_show_lines_int=\count330
\l__regex_min_state_int=\count331
\l__regex_max_state_int=\count332
\l__regex_left_state_int=\count333
\l__regex_right_state_int=\count334
\l__regex_capturing_group_int=\count335
\l__regex_min_pos_int=\count336
\l__regex_max_pos_int=\count337
\l__regex_curr_pos_int=\count338
\l__regex_start_pos_int=\count339
\l__regex_success_pos_int=\count340
\l__regex_curr_char_int=\count341
\l__regex_curr_catcode_int=\count342
\l__regex_last_char_int=\count343
\l__regex_case_changed_char_int=\count344
\l__regex_curr_state_int=\count345
\l__regex_step_int=\count346
\l__regex_min_active_int=\count347
\l__regex_max_active_int=\count348
\l__regex_replacement_csnames_int=\count349
\l__regex_match_count_int=\count350
\l__regex_min_submatch_int=\count351
\l__regex_submatch_int=\count352
\l__regex_zeroth_submatch_int=\count353
\g__regex_trace_regex_int=\count354
\c_empty_box=\box93
\l_tmpa_box=\box94
\l_tmpb_box=\box95
\g_tmpa_box=\box96
\g_tmpb_box=\box97
\l__box_top_dim=\dimen290
\l__box_bottom_dim=\dimen291
\l__box_left_dim=\dimen292
\l__box_right_dim=\dimen293
\l__box_top_new_dim=\dimen294
\l__box_bottom_new_dim=\dimen295
\l__box_left_new_dim=\dimen296
\l__box_right_new_dim=\dimen297
\l__box_internal_box=\box98
\l__coffin_internal_box=\box99
\l__coffin_internal_dim=\dimen298
\l__coffin_offset_x_dim=\dimen299
\l__coffin_offset_y_dim=\dimen300
\l__coffin_x_dim=\dimen301
\l__coffin_y_dim=\dimen302
\l__coffin_x_prime_dim=\dimen303
\l__coffin_y_prime_dim=\dimen304
\c_empty_coffin=\box100
\l__coffin_aligned_coffin=\box101
\l__coffin_aligned_internal_coffin=\box102
\l_tmpa_coffin=\box103
\l_tmpb_coffin=\box104
\l__coffin_display_coffin=\box105
\l__coffin_display_coord_coffin=\box106
\l__coffin_display_pole_coffin=\box107
\l__coffin_display_offset_dim=\dimen305
\l__coffin_display_x_dim=\dimen306
\l__coffin_display_y_dim=\dimen307
\l__coffin_bounding_shift_dim=\dimen308
\l__coffin_left_corner_dim=\dimen309
\l__coffin_right_corner_dim=\dimen310
\l__coffin_bottom_corner_dim=\dimen311
\l__coffin_top_corner_dim=\dimen312
\l__coffin_scaled_total_height_dim=\dimen313
\l__coffin_scaled_width_dim=\dimen314
)
(/usr/share/texlive/texmf-dist/tex/latex/l3kernel/l3pdfmode.def
File: l3pdfmode.def 2017/03/18 v L3 Experimental driver: PDF mode
\l__driver_color_stack_int=\count355
\l__driver_tmp_box=\box108
))
(/usr/share/texlive/texmf-dist/tex/latex/l3packages/xparse/xparse.sty
Package: xparse 2018/02/21 L3 Experimental document command parser
\l__xparse_current_arg_int=\count356
\g__xparse_grabber_int=\count357
\l__xparse_m_args_int=\count358
\l__xparse_mandatory_args_int=\count359
\l__xparse_v_nesting_int=\count360
)
Package: siunitx 2017/11/26 v2.7k A comprehensive (SI) units package

(/usr/share/texlive/texmf-dist/tex/latex/tools/array.sty
Package: array 2016/10/06 v2.4d Tabular extension package (FMi)
\col@sep=\dimen315
\extrarowheight=\dimen316
\NC@list=\toks49
\extratabsurround=\skip76
\backup@length=\skip77
)
(/usr/share/texlive/texmf-dist/tex/latex/l3packages/l3keys2e/l3keys2e.sty
Package: l3keys2e 2018/02/21 LaTeX2e option processing using LaTeX3 keys
)
\l__siunitx_tmp_box=\box109
\l__siunitx_tmp_dim=\dimen317
\l__siunitx_tmp_int=\count361
\l__siunitx_number_mantissa_length_int=\count362
\l__siunitx_number_uncert_length_int=\count363
\l__siunitx_round_int=\count364
\l__siunitx_process_decimal_int=\count365
\l__siunitx_process_uncertainty_int=\count366
\l__siunitx_process_fixed_int=\count367
\l__siunitx_process_integer_min_int=\count368
\l__siunitx_process_precision_int=\count369
\l__siunitx_group_min_int=\count370
\l__siunitx_angle_marker_box=\box110
\l__siunitx_angle_unit_box=\box111
\l__siunitx_angle_marker_dim=\dimen318
\l__siunitx_angle_unit_dim=\dimen319
\l__siunitx_unit_int=\count371
\l__siunitx_unit_denominator_int=\count372
\l__siunitx_unit_numerator_int=\count373
\l__siunitx_unit_prefix_int=\count374
\l__siunitx_unit_prefix_base_int=\count375
\l__siunitx_unit_prefix_gram_int=\count376
\l__siunitx_number_product_int=\count377
\c__siunitx_one_fill_skip=\skip78
\l__siunitx_table_unit_align_skip=\skip79
\l__siunitx_table_exponent_dim=\dimen320
\l__siunitx_table_integer_dim=\dimen321
\l__siunitx_table_mantissa_dim=\dimen322
\l__siunitx_table_marker_dim=\dimen323
\l__siunitx_table_result_dim=\dimen324
\l__siunitx_table_uncert_dim=\dimen325
\l__siunitx_table_fill_pre_dim=\dimen326
\l__siunitx_table_fill_post_dim=\dimen327
\l__siunitx_table_fill_mid_dim=\dimen328
\l__siunitx_table_pre_box=\box112
\l__siunitx_table_post_box=\box113
\l__siunitx_table_mantissa_box=\box114
\l__siunitx_table_result_box=\box115
\l__siunitx_table_number_align_skip=\skip80
\l__siunitx_table_text_align_skip=\skip81
.................................................
. LaTeX info: "xparse/define-command"
. 
. Defining command \DeclareBinaryPrefix with sig. 'mmm' on line 7250.
.................................................
.................................................
. LaTeX info: "xparse/define-command"
. 
. Defining command \DeclareSIPostPower with sig. 'mm' on line 7253.
.................................................
.................................................
. LaTeX info: "xparse/define-command"
. 
. Defining command \DeclareSIPrefix with sig. 'mmm' on line 7256.
.................................................
.................................................
. LaTeX info: "xparse/define-command"
. 
. Defining command \DeclareSIPrePower with sig. 'mm' on line 7259.
.................................................
.................................................
. LaTeX info: "xparse/define-command"
. 
. Defining command \DeclareSIQualifier with sig. 'mm' on line 7262.
.................................................
.................................................
. LaTeX info: "xparse/define-command"
. 
. Defining command \DeclareSIUnit with sig. 'O{}mm' on line 7265.
.................................................
.................................................
. LaTeX info: "xparse/define-command"
. 
. Defining command \DeclareSIUnitWithOptions with sig. 'mmm' on line 7268.
.................................................
.................................................
. LaTeX info: "xparse/define-command"
. 
. Defining command \ang with sig. 'o>{\SplitArgument {2}{;}}m' on line 7283.
.................................................
.................................................
. LaTeX info: "xparse/define-command"
. 
. Defining command \num with sig. 'om' on line 7292.
.................................................
.................................................
. LaTeX info: "xparse/define-command"
. 
. Defining command \numlist with sig. 'o>{\SplitList {;}}m' on line 7301.
.................................................
.................................................
. LaTeX info: "xparse/define-command"
. 
. Defining command \numrange with sig. 'omm' on line 7310.
.................................................
.................................................
. LaTeX info: "xparse/define-command"
. 
. Defining command \SIlist with sig. 'o>{\SplitList {;}}mm' on line 7322.
.................................................
.................................................
. LaTeX info: "xparse/define-command"
. 
. Defining command \SIrange with sig. 'ommm' on line 7334.
.................................................
.................................................
. LaTeX info: "xparse/define-command"
. 
. Defining command \SI with sig. 'omom' on line 7346.
.................................................
.................................................
. LaTeX info: "xparse/define-command"
. 
. Defining command \sisetup with sig. 'm' on line 7349.
.................................................
.................................................
. LaTeX info: "xparse/define-command"
. 
. Defining command \tablenum with sig. 'om' on line 7364.
.................................................
.................................................
. LaTeX info: "xparse/define-command"
. 
. Defining command \si with sig. 'om' on line 7376.
.................................................
.................................................
. LaTeX info: "xparse/define-command"
. 
. Defining command \numInBookmark with sig. 'om' on line 7423.
.................................................
.................................................
. LaTeX info: "xparse/define-command"
. 
. Defining command \numrangeInBookmark with sig. 'omm' on line 7425.
.................................................
.................................................
. LaTeX info: "xparse/define-command"
. 
. Defining command \SIInBookmark with sig. 'omom' on line 7427.
.................................................
.................................................
. LaTeX info: "xparse/define-command"
. 
. Defining command \SIlistInBookmark with sig. 'omm' on line 7429.
.................................................
.................................................
. LaTeX info: "xparse/define-command"
. 
. Defining command \SIrangeInBookmark with sig. 'ommm' on line 7431.
.................................................
.................................................
. LaTeX info: "xparse/define-command"
. 
. Defining command \siInBookmark with sig. 'om' on line 7432.
.................................................
\g__file_internal_ior=\read4
)
(/usr/share/texlive/texmf-dist/tex/latex/comment/comment.sty
\CommentStream=\write8

Excluding comment 'comment') (./beamerthemeCERN.sty
(/usr/share/texlive/texmf-dist/tex/latex/beamer/beamerfontthemestructurebold.st
y) (/usr/share/texlive/texmf-dist/tex/latex/psnfss/helvet.sty
Package: helvet 2005/04/12 PSNFSS-v9.2a (WaS) 
)
(/usr/share/texlive/texmf-dist/tex/latex/base/fontenc.sty
Package: fontenc 2017/04/05 v2.0i Standard LaTeX package

(/usr/share/texlive/texmf-dist/tex/latex/base/t1enc.def
File: t1enc.def 2017/04/05 v2.0i Standard LaTeX file
LaTeX Font Info:    Redeclaring font encoding T1 on input line 48.
)))
(/usr/share/texlive/texmf-dist/tex/latex/base/textcomp.sty
Package: textcomp 2017/04/05 v2.0i Standard LaTeX package
Package textcomp Info: Sub-encoding information:
(textcomp)               5 = only ISO-Adobe without \textcurrency
(textcomp)               4 = 5 + \texteuro
(textcomp)               3 = 4 + \textohm
(textcomp)               2 = 3 + \textestimated + \textcurrency
(textcomp)               1 = TS1 - \textcircled - \t
(textcomp)               0 = TS1 (full)
(textcomp)             Font families with sub-encoding setting implement
(textcomp)             only a restricted character set as indicated.
(textcomp)             Family '?' is the default used for unknown fonts.
(textcomp)             See the documentation for details.
Package textcomp Info: Setting ? sub-encoding to TS1/1 on input line 79.

(/usr/share/texlive/texmf-dist/tex/latex/base/ts1enc.def
File: ts1enc.def 2001/06/05 v3.0e (jk/car/fm) Standard LaTeX file
)
LaTeX Info: Redefining \oldstylenums on input line 334.
Package textcomp Info: Setting cmr sub-encoding to TS1/0 on input line 349.
Package textcomp Info: Setting cmss sub-encoding to TS1/0 on input line 350.
Package textcomp Info: Setting cmtt sub-encoding to TS1/0 on input line 351.
Package textcomp Info: Setting cmvtt sub-encoding to TS1/0 on input line 352.
Package textcomp Info: Setting cmbr sub-encoding to TS1/0 on input line 353.
Package textcomp Info: Setting cmtl sub-encoding to TS1/0 on input line 354.
Package textcomp Info: Setting ccr sub-encoding to TS1/0 on input line 355.
Package textcomp Info: Setting ptm sub-encoding to TS1/4 on input line 356.
Package textcomp Info: Setting pcr sub-encoding to TS1/4 on input line 357.
Package textcomp Info: Setting phv sub-encoding to TS1/4 on input line 358.
Package textcomp Info: Setting ppl sub-encoding to TS1/3 on input line 359.
Package textcomp Info: Setting pag sub-encoding to TS1/4 on input line 360.
Package textcomp Info: Setting pbk sub-encoding to TS1/4 on input line 361.
Package textcomp Info: Setting pnc sub-encoding to TS1/4 on input line 362.
Package textcomp Info: Setting pzc sub-encoding to TS1/4 on input line 363.
Package textcomp Info: Setting bch sub-encoding to TS1/4 on input line 364.
Package textcomp Info: Setting put sub-encoding to TS1/5 on input line 365.
Package textcomp Info: Setting uag sub-encoding to TS1/5 on input line 366.
Package textcomp Info: Setting ugq sub-encoding to TS1/5 on input line 367.
Package textcomp Info: Setting ul8 sub-encoding to TS1/4 on input line 368.
Package textcomp Info: Setting ul9 sub-encoding to TS1/4 on input line 369.
Package textcomp Info: Setting augie sub-encoding to TS1/5 on input line 370.
Package textcomp Info: Setting dayrom sub-encoding to TS1/3 on input line 371.
Package textcomp Info: Setting dayroms sub-encoding to TS1/3 on input line 372.

Package textcomp Info: Setting pxr sub-encoding to TS1/0 on input line 373.
Package textcomp Info: Setting pxss sub-encoding to TS1/0 on input line 374.
Package textcomp Info: Setting pxtt sub-encoding to TS1/0 on input line 375.
Package textcomp Info: Setting txr sub-encoding to TS1/0 on input line 376.
Package textcomp Info: Setting txss sub-encoding to TS1/0 on input line 377.
Package textcomp Info: Setting txtt sub-encoding to TS1/0 on input line 378.
Package textcomp Info: Setting lmr sub-encoding to TS1/0 on input line 379.
Package textcomp Info: Setting lmdh sub-encoding to TS1/0 on input line 380.
Package textcomp Info: Setting lmss sub-encoding to TS1/0 on input line 381.
Package textcomp Info: Setting lmssq sub-encoding to TS1/0 on input line 382.
Package textcomp Info: Setting lmvtt sub-encoding to TS1/0 on input line 383.
Package textcomp Info: Setting lmtt sub-encoding to TS1/0 on input line 384.
Package textcomp Info: Setting qhv sub-encoding to TS1/0 on input line 385.
Package textcomp Info: Setting qag sub-encoding to TS1/0 on input line 386.
Package textcomp Info: Setting qbk sub-encoding to TS1/0 on input line 387.
Package textcomp Info: Setting qcr sub-encoding to TS1/0 on input line 388.
Package textcomp Info: Setting qcs sub-encoding to TS1/0 on input line 389.
Package textcomp Info: Setting qpl sub-encoding to TS1/0 on input line 390.
Package textcomp Info: Setting qtm sub-encoding to TS1/0 on input line 391.
Package textcomp Info: Setting qzc sub-encoding to TS1/0 on input line 392.
Package textcomp Info: Setting qhvc sub-encoding to TS1/0 on input line 393.
Package textcomp Info: Setting futs sub-encoding to TS1/4 on input line 394.
Package textcomp Info: Setting futx sub-encoding to TS1/4 on input line 395.
Package textcomp Info: Setting futj sub-encoding to TS1/4 on input line 396.
Package textcomp Info: Setting hlh sub-encoding to TS1/3 on input line 397.
Package textcomp Info: Setting hls sub-encoding to TS1/3 on input line 398.
Package textcomp Info: Setting hlst sub-encoding to TS1/3 on input line 399.
Package textcomp Info: Setting hlct sub-encoding to TS1/5 on input line 400.
Package textcomp Info: Setting hlx sub-encoding to TS1/5 on input line 401.
Package textcomp Info: Setting hlce sub-encoding to TS1/5 on input line 402.
Package textcomp Info: Setting hlcn sub-encoding to TS1/5 on input line 403.
Package textcomp Info: Setting hlcw sub-encoding to TS1/5 on input line 404.
Package textcomp Info: Setting hlcf sub-encoding to TS1/5 on input line 405.
Package textcomp Info: Setting pplx sub-encoding to TS1/3 on input line 406.
Package textcomp Info: Setting pplj sub-encoding to TS1/3 on input line 407.
Package textcomp Info: Setting ptmx sub-encoding to TS1/4 on input line 408.
Package textcomp Info: Setting ptmj sub-encoding to TS1/4 on input line 409.
)
runsystem(which pygmentize && touch pres.aex)...executed.

runsystem(rm pres.aex)...executed.

 (./pres.aux)
\openout1 = `pres.aux'.

LaTeX Font Info:    Checking defaults for OML/cmm/m/it on input line 60.
LaTeX Font Info:    ... okay on input line 60.
LaTeX Font Info:    Checking defaults for T1/cmr/m/n on input line 60.
LaTeX Font Info:    ... okay on input line 60.
LaTeX Font Info:    Checking defaults for OT1/cmr/m/n on input line 60.
LaTeX Font Info:    ... okay on input line 60.
LaTeX Font Info:    Checking defaults for OMS/cmsy/m/n on input line 60.
LaTeX Font Info:    ... okay on input line 60.
LaTeX Font Info:    Checking defaults for OMX/cmex/m/n on input line 60.
LaTeX Font Info:    ... okay on input line 60.
LaTeX Font Info:    Checking defaults for U/cmr/m/n on input line 60.
LaTeX Font Info:    ... okay on input line 60.
LaTeX Font Info:    Checking defaults for PD1/pdf/m/n on input line 60.
LaTeX Font Info:    ... okay on input line 60.
LaTeX Font Info:    Checking defaults for TS1/cmr/m/n on input line 60.
LaTeX Font Info:    Try loading font information for TS1+cmr on input line 60.

(/usr/share/texlive/texmf-dist/tex/latex/base/ts1cmr.fd
File: ts1cmr.fd 2014/09/29 v2.5h Standard LaTeX font definitions
)
LaTeX Font Info:    ... okay on input line 60.
LaTeX Font Info:    Try loading font information for T1+phv on input line 60.

(/usr/share/texlive/texmf-dist/tex/latex/psnfss/t1phv.fd
File: t1phv.fd 2001/06/04 scalable font definitions for T1/phv.
)
LaTeX Font Info:    Font shape `T1/phv/m/n' will be
(Font)              scaled to size 10.40245pt on input line 60.

*geometry* driver: auto-detecting
*geometry* detected driver: pdftex
*geometry* verbose mode - [ preamble ] result:
* driver: pdftex
* paper: custom
* layout: <same size as paper>
* layoutoffset:(h,v)=(0.0pt,0.0pt)
* modes: includehead includefoot 
* h-part:(L,W,R)=(28.45274pt, 398.3386pt, 28.45274pt)
* v-part:(T,H,B)=(0.0pt, 256.0748pt, 0.0pt)
* \paperwidth=455.24408pt
* \paperheight=256.0748pt
* \textwidth=398.3386pt
* \textheight=227.62207pt
* \oddsidemargin=-43.81725pt
* \evensidemargin=-43.81725pt
* \topmargin=-72.26999pt
* \headheight=14.22636pt
* \headsep=0.0pt
* \topskip=11.0pt
* \footskip=14.22636pt
* \marginparwidth=4.0pt
* \marginparsep=10.0pt
* \columnsep=10.0pt
* \skip\footins=10.0pt plus 4.0pt minus 2.0pt
* \hoffset=0.0pt
* \voffset=0.0pt
* \mag=1000
* \@twocolumnfalse
* \@twosidefalse
* \@mparswitchfalse
* \@reversemarginfalse
* (1in=72.27pt=25.4mm, 1cm=28.453pt)

(/usr/share/texlive/texmf-dist/tex/context/base/mkii/supp-pdf.mkii
[Loading MPS to PDF converter (version 2006.09.02).]
\scratchcounter=\count378
\scratchdimen=\dimen329
\scratchbox=\box116
\nofMPsegments=\count379
\nofMParguments=\count380
\everyMPshowfont=\toks50
\MPscratchCnt=\count381
\MPscratchDim=\dimen330
\MPnumerator=\count382
\makeMPintoPDFobject=\count383
\everyMPtoPDFconversion=\toks51
) (/usr/share/texlive/texmf-dist/tex/latex/oberdiek/epstopdf-base.sty
Package: epstopdf-base 2016/05/15 v2.6 Base part for package epstopdf

(/usr/share/texlive/texmf-dist/tex/latex/oberdiek/grfext.sty
Package: grfext 2016/05/16 v1.2 Manage graphics extensions (HO)
)
Package epstopdf-base Info: Redefining graphics rule for `.eps' on input line 4
38.
Package grfext Info: Graphics extension search list:
(grfext)             [.pdf,.png,.jpg,.mps,.jpeg,.jbig2,.jb2,.PDF,.PNG,.JPG,.JPE
G,.JBIG2,.JB2,.eps]
(grfext)             \AppendGraphicsExtensions on input line 456.

(/usr/share/texlive/texmf-dist/tex/latex/latexconfig/epstopdf-sys.cfg
File: epstopdf-sys.cfg 2010/07/13 v1.3 Configuration of (r)epstopdf for TeX Liv
e
))
ABD: EveryShipout initializing macros
\AtBeginShipoutBox=\box117
Package hyperref Info: Link coloring OFF on input line 60.

(/usr/share/texlive/texmf-dist/tex/latex/hyperref/nameref.sty
Package: nameref 2016/05/21 v2.44 Cross-referencing by name of section

(/usr/share/texlive/texmf-dist/tex/generic/oberdiek/gettitlestring.sty
Package: gettitlestring 2016/05/16 v1.5 Cleanup title references (HO)
)
\c@section@level=\count384
)
LaTeX Info: Redefining \ref on input line 60.
LaTeX Info: Redefining \pageref on input line 60.
LaTeX Info: Redefining \nameref on input line 60.

(./pres.out) (./pres.out)
\@outlinefile=\write9
\openout9 = `pres.out'.

LaTeX Font Info:    Overwriting symbol font `operators' in version `normal'
(Font)                  OT1/cmr/m/n --> OT1/cmss/m/n on input line 60.
LaTeX Font Info:    Overwriting symbol font `operators' in version `bold'
(Font)                  OT1/cmr/bx/n --> OT1/cmss/bx/n on input line 60.
\symnumbers=\mathgroup6
\sympureletters=\mathgroup7
LaTeX Font Info:    Overwriting math alphabet `\mathrm' in version `normal'
(Font)                  OT1/cmss/m/n --> T1/cmr/m/n on input line 60.
LaTeX Font Info:    Redeclaring math alphabet \mathbf on input line 60.
LaTeX Font Info:    Overwriting math alphabet `\mathbf' in version `normal'
(Font)                  OT1/cmr/bx/n --> T1/phv/bx/n on input line 60.
LaTeX Font Info:    Overwriting math alphabet `\mathbf' in version `bold'
(Font)                  OT1/cmr/bx/n --> T1/phv/bx/n on input line 60.
LaTeX Font Info:    Redeclaring math alphabet \mathsf on input line 60.
LaTeX Font Info:    Overwriting math alphabet `\mathsf' in version `normal'
(Font)                  OT1/cmss/m/n --> T1/phv/m/n on input line 60.
LaTeX Font Info:    Overwriting math alphabet `\mathsf' in version `bold'
(Font)                  OT1/cmss/bx/n --> T1/phv/m/n on input line 60.
LaTeX Font Info:    Redeclaring math alphabet \mathit on input line 60.
LaTeX Font Info:    Overwriting math alphabet `\mathit' in version `normal'
(Font)                  OT1/cmr/m/it --> T1/phv/m/it on input line 60.
LaTeX Font Info:    Overwriting math alphabet `\mathit' in version `bold'
(Font)                  OT1/cmr/bx/it --> T1/phv/m/it on input line 60.
LaTeX Font Info:    Redeclaring math alphabet \mathtt on input line 60.
LaTeX Font Info:    Overwriting math alphabet `\mathtt' in version `normal'
(Font)                  OT1/cmtt/m/n --> T1/cmtt/m/n on input line 60.
LaTeX Font Info:    Overwriting math alphabet `\mathtt' in version `bold'
(Font)                  OT1/cmtt/m/n --> T1/cmtt/m/n on input line 60.
LaTeX Font Info:    Overwriting symbol font `numbers' in version `bold'
(Font)                  T1/phv/m/n --> T1/phv/bx/n on input line 60.
LaTeX Font Info:    Overwriting symbol font `pureletters' in version `bold'
(Font)                  T1/phv/m/it --> T1/phv/bx/it on input line 60.
LaTeX Font Info:    Overwriting math alphabet `\mathrm' in version `bold'
(Font)                  OT1/cmss/bx/n --> T1/cmr/bx/n on input line 60.
LaTeX Font Info:    Overwriting math alphabet `\mathbf' in version `bold'
(Font)                  T1/phv/bx/n --> T1/phv/bx/n on input line 60.
LaTeX Font Info:    Overwriting math alphabet `\mathsf' in version `bold'
(Font)                  T1/phv/m/n --> T1/phv/bx/n on input line 60.
LaTeX Font Info:    Overwriting math alphabet `\mathit' in version `bold'
(Font)                  T1/phv/m/it --> T1/phv/bx/it on input line 60.
LaTeX Font Info:    Overwriting math alphabet `\mathtt' in version `bold'
(Font)                  T1/cmtt/m/n --> T1/cmtt/bx/n on input line 60.

(/usr/share/texlive/texmf-dist/tex/latex/translator/translator-basic-dictionary
-English.dict
Dictionary: translator-basic-dictionary, Language: English 
)
(/usr/share/texlive/texmf-dist/tex/latex/translator/translator-bibliography-dic
tionary-English.dict
Dictionary: translator-bibliography-dictionary, Language: English 
)
(/usr/share/texlive/texmf-dist/tex/latex/translator/translator-environment-dict
ionary-English.dict
Dictionary: translator-environment-dictionary, Language: English 
)
(/usr/share/texlive/texmf-dist/tex/latex/translator/translator-months-dictionar
y-English.dict
Dictionary: translator-months-dictionary, Language: English 
)
(/usr/share/texlive/texmf-dist/tex/latex/translator/translator-numbers-dictiona
ry-English.dict
Dictionary: translator-numbers-dictionary, Language: English 
)
(/usr/share/texlive/texmf-dist/tex/latex/translator/translator-theorem-dictiona
ry-English.dict
Dictionary: translator-theorem-dictionary, Language: English 
)
(/usr/share/texlive/texmf-dist/tex/latex/siunitx/siunitx-abbreviations.cfg
File: siunitx-abbreviations.cfg 2017/11/26 v2.7k siunitx: Abbreviated units
)
(./pres.nav)
LaTeX Font Info:    Font shape `T1/phv/m/n' will be
(Font)              scaled to size 5.69998pt on input line 60.
LaTeX Font Info:    Font shape `T1/phv/bx/n' in size <6> not available
(Font)              Font shape `T1/phv/b/n' tried instead on input line 60.
LaTeX Font Info:    Font shape `T1/phv/b/n' will be
(Font)              scaled to size 5.69998pt on input line 60.
LaTeX Font Info:    Font shape `T1/phv/bx/n' in size <12> not available
(Font)              Font shape `T1/phv/b/n' tried instead on input line 60.
LaTeX Font Info:    Font shape `T1/phv/b/n' will be
(Font)              scaled to size 11.39996pt on input line 60.
LaTeX Font Info:    Try loading font information for U+msa on input line 60.
 (/usr/share/texlive/texmf-dist/tex/latex/amsfonts/umsa.fd
File: umsa.fd 2013/01/14 v3.01 AMS symbols A
)
LaTeX Font Info:    Try loading font information for U+msb on input line 60.

(/usr/share/texlive/texmf-dist/tex/latex/amsfonts/umsb.fd
File: umsb.fd 2013/01/14 v3.01 AMS symbols B
)
LaTeX Font Info:    Font shape `T1/phv/m/n' will be
(Font)              scaled to size 11.39996pt on input line 60.
LaTeX Font Info:    Font shape `T1/phv/m/n' will be
(Font)              scaled to size 7.59998pt on input line 60.
LaTeX Font Info:    Font shape `T1/phv/m/it' in size <12> not available
(Font)              Font shape `T1/phv/m/sl' tried instead on input line 60.
LaTeX Font Info:    Font shape `T1/phv/m/sl' will be
(Font)              scaled to size 11.39996pt on input line 60.
LaTeX Font Info:    Font shape `T1/phv/m/it' in size <8> not available
(Font)              Font shape `T1/phv/m/sl' tried instead on input line 60.
LaTeX Font Info:    Font shape `T1/phv/m/sl' will be
(Font)              scaled to size 7.59998pt on input line 60.
LaTeX Font Info:    Font shape `T1/phv/m/it' in size <6> not available
(Font)              Font shape `T1/phv/m/sl' tried instead on input line 60.
LaTeX Font Info:    Font shape `T1/phv/m/sl' will be
(Font)              scaled to size 5.69998pt on input line 60.
<logos/cern-logo-small.png, id=49, 80.55093pt x 81.30376pt>
File: logos/cern-logo-small.png Graphic file (type png)
<use logos/cern-logo-small.png>
Package pdftex.def Info: logos/cern-logo-small.png  used on input line 60.
(pdftex.def)             Requested size: 28.19324pt x 28.45673pt.
\c__siunitx_mathsf_int=\count385
LaTeX Font Info:    Font shape `T1/phv/m/it' in size <10.95> not available
(Font)              Font shape `T1/phv/m/sl' tried instead on input line 60.
LaTeX Font Info:    Font shape `T1/phv/m/sl' will be
(Font)              scaled to size 10.40245pt on input line 60.
\c__siunitx_mathtt_int=\count386
LaTeX Font Info:    Try loading font information for T1+cmtt on input line 60.

(/usr/share/texlive/texmf-dist/tex/latex/base/t1cmtt.fd
File: t1cmtt.fd 2014/09/29 v2.5h Standard LaTeX font definitions
)
<logos/cern-logo-white-on-blue.png, id=51, 226.59656pt x 226.59656pt>
File: logos/cern-logo-white-on-blue.png Graphic file (type png)
<use logos/cern-logo-white-on-blue.png>
Package pdftex.def Info: logos/cern-logo-white-on-blue.png  used on input line 
62.
(pdftex.def)             Requested size: 83.8394pt x 83.8394pt.
 [1

 <./logos/cern-logo-white-on-blue.png>]
LaTeX Font Info:    Font shape `T1/phv/m/n' will be
(Font)              scaled to size 23.63593pt on input line 82.
LaTeX Font Info:    Font shape `T1/phv/bx/n' in size <24.88> not available
(Font)              Font shape `T1/phv/b/n' tried instead on input line 82.
LaTeX Font Info:    Font shape `T1/phv/b/n' will be
(Font)              scaled to size 23.63593pt on input line 82.
LaTeX Font Info:    Font shape `T1/phv/m/n' will be
(Font)              scaled to size 13.67995pt on input line 82.
<images/mlogo.png, id=60, 3555.2825pt x 1999.47pt>
File: images/mlogo.png Graphic file (type png)
<use images/mlogo.png>
Package pdftex.def Info: images/mlogo.png  used on input line 82.
(pdftex.def)             Requested size: 136.5746pt x 76.79219pt.
<images/wlogo.png, id=61, 1089.06876pt x 1027.84pt>
File: images/wlogo.png Graphic file (type png)
<use images/wlogo.png>
Package pdftex.def Info: images/wlogo.png  used on input line 82.
(pdftex.def)             Requested size: 104.7042pt x 98.8064pt.
LaTeX Font Info:    Font shape `T1/phv/bx/n' in size <4> not available
(Font)              Font shape `T1/phv/b/n' tried instead on input line 82.
LaTeX Font Info:    Font shape `T1/phv/b/n' will be
(Font)              scaled to size 3.79999pt on input line 82.
LaTeX Font Info:    Font shape `T1/phv/m/n' will be
(Font)              scaled to size 3.79999pt on input line 82.
 [2

{/var/lib/texmf/fonts/map/pdftex/updmap/pdftex.map} <./images/mlogo.png> <./ima
ges/wlogo.png>] (./pres.toc
LaTeX Font Info:    Font shape `T1/phv/bx/n' in size <10.95> not available
(Font)              Font shape `T1/phv/b/n' tried instead on input line 1.
LaTeX Font Info:    Font shape `T1/phv/b/n' will be
(Font)              scaled to size 10.40245pt on input line 1.
)
LaTeX Font Info:    Font shape `T1/phv/bx/n' in size <14.4> not available
(Font)              Font shape `T1/phv/b/n' tried instead on input line 94.
LaTeX Font Info:    Font shape `T1/phv/b/n' will be
(Font)              scaled to size 13.67995pt on input line 94.
File: logos/cern-logo-small.png Graphic file (type png)
<use logos/cern-logo-small.png>
Package pdftex.def Info: logos/cern-logo-small.png  used on input line 94.
(pdftex.def)             Requested size: 28.19324pt x 28.45673pt.
 [3

 <./logos/cern-logo-small.png>] (./pres.toc)
File: logos/cern-logo-small.png Graphic file (type png)
<use logos/cern-logo-small.png>
Package pdftex.def Info: logos/cern-logo-small.png  used on input line 96.
(pdftex.def)             Requested size: 28.19324pt x 28.45673pt.
 [4

] (./pres.toc)
File: logos/cern-logo-small.png Graphic file (type png)
<use logos/cern-logo-small.png>
Package pdftex.def Info: logos/cern-logo-small.png  used on input line 98.
(pdftex.def)             Requested size: 28.19324pt x 28.45673pt.
 [5

]
<p1-figs/atlas.png, id=184, 1535.7375pt x 907.39pt>
File: p1-figs/atlas.png Graphic file (type png)
<use p1-figs/atlas.png>
Package pdftex.def Info: p1-figs/atlas.png  used on input line 144.
(pdftex.def)             Requested size: 169.2951pt x 100.02089pt.
<p1-figs/id.jpg, id=185, 563.10374pt x 375.4025pt>
File: p1-figs/id.jpg Graphic file (type jpg)
<use p1-figs/id.jpg>
Package pdftex.def Info: p1-figs/id.jpg  used on input line 144.
(pdftex.def)             Requested size: 169.2951pt x 112.8622pt.

Overfull \vbox (1.3508pt too high) detected at line 144
 []

File: logos/cern-logo-small.png Graphic file (type png)
<use logos/cern-logo-small.png>
Package pdftex.def Info: logos/cern-logo-small.png  used on input line 144.
(pdftex.def)             Requested size: 28.19324pt x 28.45673pt.
[6

 <./p1-figs/atlas.png> <./p1-figs/id.jpg>] (./pres.toc)
File: logos/cern-logo-small.png Graphic file (type png)
<use logos/cern-logo-small.png>
Package pdftex.def Info: logos/cern-logo-small.png  used on input line 146.
(pdftex.def)             Requested size: 28.19324pt x 28.45673pt.
 [7

]
<p1-figs/hl-upgrade.png, id=248, 778.91pt x 602.25pt>
File: p1-figs/hl-upgrade.png Graphic file (type png)
<use p1-figs/hl-upgrade.png>
Package pdftex.def Info: p1-figs/hl-upgrade.png  used on input line 204.
(pdftex.def)             Requested size: 159.33292pt x 87.89836pt.
<p1-figs/hl.png, id=249, 306.14375pt x 165.61874pt>
File: p1-figs/hl.png Graphic file (type png)
<use p1-figs/hl.png>
Package pdftex.def Info: p1-figs/hl.png  used on input line 204.
(pdftex.def)             Requested size: 190.93295pt x 103.29103pt.
<p1-figs/hl-plan.jpg, id=250, 1486.5939pt x 619.3539pt>
File: p1-figs/hl-plan.jpg Graphic file (type jpg)
<use p1-figs/hl-plan.jpg>
Package pdftex.def Info: p1-figs/hl-plan.jpg  used on input line 204.
(pdftex.def)             Requested size: 194.67477pt x 71.43044pt.

Overfull \hbox (39.83629pt too wide) detected at line 204
[][][][][][][][][][][] [][][][][][][]
 []

File: logos/cern-logo-small.png Graphic file (type png)
<use logos/cern-logo-small.png>
Package pdftex.def Info: logos/cern-logo-small.png  used on input line 204.
(pdftex.def)             Requested size: 28.19324pt x 28.45673pt.
[8

 <./p1-figs/hl-plan.jpg> <./p1-figs/hl-upgrade.png> <./p1-figs/hl.png>]
File: p1-figs/hl-upgrade.png Graphic file (type png)
<use p1-figs/hl-upgrade.png>
Package pdftex.def Info: p1-figs/hl-upgrade.png  used on input line 255.
(pdftex.def)             Requested size: 159.33292pt x 87.89836pt.
File: p1-figs/hl.png Graphic file (type png)
<use p1-figs/hl.png>
Package pdftex.def Info: p1-figs/hl.png  used on input line 255.
(pdftex.def)             Requested size: 190.93295pt x 103.29103pt.
File: p1-figs/hl-plan.jpg Graphic file (type jpg)
<use p1-figs/hl-plan.jpg>
Package pdftex.def Info: p1-figs/hl-plan.jpg  used on input line 255.
(pdftex.def)             Requested size: 194.67477pt x 71.43044pt.

Overfull \hbox (39.83629pt too wide) detected at line 255
[][][][][][][][][][][] [][][][][][][]
 []

File: logos/cern-logo-small.png Graphic file (type png)
<use logos/cern-logo-small.png>
Package pdftex.def Info: logos/cern-logo-small.png  used on input line 255.
(pdftex.def)             Requested size: 28.19324pt x 28.45673pt.
[9

]
File: p1-figs/hl-upgrade.png Graphic file (type png)
<use p1-figs/hl-upgrade.png>
Package pdftex.def Info: p1-figs/hl-upgrade.png  used on input line 295.
(pdftex.def)             Requested size: 159.33292pt x 87.89836pt.
File: logos/cern-logo-small.png Graphic file (type png)
<use logos/cern-logo-small.png>
Package pdftex.def Info: logos/cern-logo-small.png  used on input line 295.
(pdftex.def)             Requested size: 28.19324pt x 28.45673pt.
 [10

]
File: p1-figs/hl-upgrade.png Graphic file (type png)
<use p1-figs/hl-upgrade.png>
Package pdftex.def Info: p1-figs/hl-upgrade.png  used on input line 334.
(pdftex.def)             Requested size: 159.33292pt x 87.89836pt.
File: logos/cern-logo-small.png Graphic file (type png)
<use logos/cern-logo-small.png>
Package pdftex.def Info: logos/cern-logo-small.png  used on input line 334.
(pdftex.def)             Requested size: 28.19324pt x 28.45673pt.
 [11

]
File: p1-figs/hl-upgrade.png Graphic file (type png)
<use p1-figs/hl-upgrade.png>
Package pdftex.def Info: p1-figs/hl-upgrade.png  used on input line 380.
(pdftex.def)             Requested size: 159.33292pt x 87.89836pt.
File: logos/cern-logo-small.png Graphic file (type png)
<use logos/cern-logo-small.png>
Package pdftex.def Info: logos/cern-logo-small.png  used on input line 380.
(pdftex.def)             Requested size: 28.19324pt x 28.45673pt.
 [12

]
File: p1-figs/hl-upgrade.png Graphic file (type png)
<use p1-figs/hl-upgrade.png>
Package pdftex.def Info: p1-figs/hl-upgrade.png  used on input line 417.
(pdftex.def)             Requested size: 159.33292pt x 87.89836pt.
File: logos/cern-logo-small.png Graphic file (type png)
<use logos/cern-logo-small.png>
Package pdftex.def Info: logos/cern-logo-small.png  used on input line 417.
(pdftex.def)             Requested size: 28.19324pt x 28.45673pt.
 [13

]
File: p1-figs/hl-upgrade.png Graphic file (type png)
<use p1-figs/hl-upgrade.png>
Package pdftex.def Info: p1-figs/hl-upgrade.png  used on input line 454.
(pdftex.def)             Requested size: 159.33292pt x 87.89836pt.
File: logos/cern-logo-small.png Graphic file (type png)
<use logos/cern-logo-small.png>
Package pdftex.def Info: logos/cern-logo-small.png  used on input line 454.
(pdftex.def)             Requested size: 28.19324pt x 28.45673pt.
 [14

]
File: p1-figs/hl-upgrade.png Graphic file (type png)
<use p1-figs/hl-upgrade.png>
Package pdftex.def Info: p1-figs/hl-upgrade.png  used on input line 489.
(pdftex.def)             Requested size: 159.33292pt x 87.89836pt.
File: logos/cern-logo-small.png Graphic file (type png)
<use logos/cern-logo-small.png>
Package pdftex.def Info: logos/cern-logo-small.png  used on input line 489.
(pdftex.def)             Requested size: 28.19324pt x 28.45673pt.
 [15

] (./pres.toc)
File: logos/cern-logo-small.png Graphic file (type png)
<use logos/cern-logo-small.png>
Package pdftex.def Info: logos/cern-logo-small.png  used on input line 491.
(pdftex.def)             Requested size: 28.19324pt x 28.45673pt.
 [16

]
<p1-figs/ATLASITK.png, id=506, 1984.41376pt x 1150.2975pt>
File: p1-figs/ATLASITK.png Graphic file (type png)
<use p1-figs/ATLASITK.png>
Package pdftex.def Info: p1-figs/ATLASITK.png  used on input line 511.
(pdftex.def)             Requested size: 278.83578pt x 161.61977pt.
File: logos/cern-logo-small.png Graphic file (type png)
<use logos/cern-logo-small.png>
Package pdftex.def Info: logos/cern-logo-small.png  used on input line 511.
(pdftex.def)             Requested size: 28.19324pt x 28.45673pt.
 [17

 <./p1-figs/ATLASITK.png>]
<p1-figs/stave_petal.png, id=536, 891.33pt x 461.725pt>
File: p1-figs/stave_petal.png Graphic file (type png)
<use p1-figs/stave_petal.png>
Package pdftex.def Info: p1-figs/stave_petal.png  used on input line 529.
(pdftex.def)             Requested size: 318.67209pt x 165.07953pt.

Overfull \vbox (23.4378pt too high) detected at line 529
 []

File: logos/cern-logo-small.png Graphic file (type png)
<use logos/cern-logo-small.png>
Package pdftex.def Info: logos/cern-logo-small.png  used on input line 529.
(pdftex.def)             Requested size: 28.19324pt x 28.45673pt.
[18

 <./p1-figs/stave_petal.png>]
<p1-figs/module.png, id=565, 519.9425pt x 391.4625pt>
File: p1-figs/module.png Graphic file (type png)
<use p1-figs/module.png>
Package pdftex.def Info: p1-figs/module.png  used on input line 547.
(pdftex.def)             Requested size: 199.1693pt x 149.95193pt.

Overfull \vbox (8.31021pt too high) detected at line 547
 []

File: logos/cern-logo-small.png Graphic file (type png)
<use logos/cern-logo-small.png>
Package pdftex.def Info: logos/cern-logo-small.png  used on input line 547.
(pdftex.def)             Requested size: 28.19324pt x 28.45673pt.
[19

 <./p1-figs/module.png>] (./pres.toc)
File: logos/cern-logo-small.png Graphic file (type png)
<use logos/cern-logo-small.png>
Package pdftex.def Info: logos/cern-logo-small.png  used on input line 557.
(pdftex.def)             Requested size: 28.19324pt x 28.45673pt.
 [20

] (./pres.toc)
File: logos/cern-logo-small.png Graphic file (type png)
<use logos/cern-logo-small.png>
Package pdftex.def Info: logos/cern-logo-small.png  used on input line 558.
(pdftex.def)             Requested size: 28.19324pt x 28.45673pt.
 [21

]
<images/readout_chain.jpg, id=665, 3854.4pt x 2168.1pt>
File: images/readout_chain.jpg Graphic file (type jpg)
<use images/readout_chain.jpg>
Package pdftex.def Info: images/readout_chain.jpg  used on input line 569.
(pdftex.def)             Requested size: 298.75394pt x 168.02602pt.
File: logos/cern-logo-small.png Graphic file (type png)
<use logos/cern-logo-small.png>
Package pdftex.def Info: logos/cern-logo-small.png  used on input line 569.
(pdftex.def)             Requested size: 28.19324pt x 28.45673pt.
 [22

 <./images/readout_chain.jpg>]
<images/atlys_pic.png, id=692, 428.60126pt x 394.47375pt>
File: images/atlys_pic.png Graphic file (type png)
<use images/atlys_pic.png>
Package pdftex.def Info: images/atlys_pic.png  used on input line 580.
(pdftex.def)             Requested size: 199.1693pt x 183.308pt.
File: logos/cern-logo-small.png Graphic file (type png)
<use logos/cern-logo-small.png>
Package pdftex.def Info: logos/cern-logo-small.png  used on input line 580.
(pdftex.def)             Requested size: 28.19324pt x 28.45673pt.
 [23

 <./images/atlys_pic.png>]
<images/ATLYSwithVMOD-IB.jpg, id=721, 3264.195pt x 1904.11375pt>
File: images/ATLYSwithVMOD-IB.jpg Graphic file (type jpg)
<use images/ATLYSwithVMOD-IB.jpg>
Package pdftex.def Info: images/ATLYSwithVMOD-IB.jpg  used on input line 591.
(pdftex.def)             Requested size: 278.83578pt x 162.64651pt.
File: logos/cern-logo-small.png Graphic file (type png)
<use logos/cern-logo-small.png>
Package pdftex.def Info: logos/cern-logo-small.png  used on input line 591.
(pdftex.def)             Requested size: 28.19324pt x 28.45673pt.
 [24

 <./images/ATLYSwithVMOD-IB.jpg>]
<images/hybrid_board.jpg, id=748, 2488.29625pt x 1899.095pt>
File: images/hybrid_board.jpg Graphic file (type jpg)
<use images/hybrid_board.jpg>
Package pdftex.def Info: images/hybrid_board.jpg  used on input line 602.
(pdftex.def)             Requested size: 223.06947pt x 170.24467pt.
File: logos/cern-logo-small.png Graphic file (type png)
<use logos/cern-logo-small.png>
Package pdftex.def Info: logos/cern-logo-small.png  used on input line 602.
(pdftex.def)             Requested size: 28.19324pt x 28.45673pt.
 [25

 <./images/hybrid_board.jpg>]
<images/ABC130_card.jpg, id=775, 1637.11626pt x 1935.23pt>
File: images/ABC130_card.jpg Graphic file (type jpg)
<use images/ABC130_card.jpg>
Package pdftex.def Info: images/ABC130_card.jpg  used on input line 613.
(pdftex.def)             Requested size: 159.333pt x 188.33719pt.
File: logos/cern-logo-small.png Graphic file (type png)
<use logos/cern-logo-small.png>
Package pdftex.def Info: logos/cern-logo-small.png  used on input line 613.
(pdftex.def)             Requested size: 28.19324pt x 28.45673pt.
 [26

 <./images/ABC130_card.jpg>]
(./pres.toc)
File: logos/cern-logo-small.png Graphic file (type png)
<use logos/cern-logo-small.png>
Package pdftex.def Info: logos/cern-logo-small.png  used on input line 615.
(pdftex.def)             Requested size: 28.19324pt x 28.45673pt.
 [27

]
File: logos/cern-logo-small.png Graphic file (type png)
<use logos/cern-logo-small.png>
Package pdftex.def Info: logos/cern-logo-small.png  used on input line 632.
(pdftex.def)             Requested size: 28.19324pt x 28.45673pt.
 [28

]
File: logos/cern-logo-small.png Graphic file (type png)
<use logos/cern-logo-small.png>
Package pdftex.def Info: logos/cern-logo-small.png  used on input line 643.
(pdftex.def)             Requested size: 28.19324pt x 28.45673pt.
 [29

] (./pres.toc)
File: logos/cern-logo-small.png Graphic file (type png)
<use logos/cern-logo-small.png>
Package pdftex.def Info: logos/cern-logo-small.png  used on input line 652.
(pdftex.def)             Requested size: 28.19324pt x 28.45673pt.
 [30

]
Underfull \hbox (badness 10000) in paragraph at lines 681--681

 []

<p1-figs/cham.jpg, id=921, 2811.50375pt x 3026.30624pt>
File: p1-figs/cham.jpg Graphic file (type jpg)
<use p1-figs/cham.jpg>
Package pdftex.def Info: p1-figs/cham.jpg  used on input line 681.
(pdftex.def)             Requested size: 140.58342pt x 101.52893pt.
<p1-figs/okto.jpg, id=923, 1332.98pt x 902.37125pt>
File: p1-figs/okto.jpg Graphic file (type jpg)
<use p1-figs/okto.jpg>
Package pdftex.def Info: p1-figs/okto.jpg  used on input line 681.
(pdftex.def)             Requested size: 150.23137pt x 101.69826pt.
File: logos/cern-logo-small.png Graphic file (type png)
<use logos/cern-logo-small.png>
Package pdftex.def Info: logos/cern-logo-small.png  used on input line 681.
(pdftex.def)             Requested size: 28.19324pt x 28.45673pt.
[31

 <./p1-figs/cham.jpg> <./p1-figs/okto.jpg>]
<./logos/LogoBadge-01.png, id=951, 142.3719pt x 142.3719pt>
File: ./logos/LogoBadge-01.png Graphic file (type png)
<use ./logos/LogoBadge-01.png>
Package pdftex.def Info: ./logos/LogoBadge-01.png  used on input line 684.
(pdftex.def)             Requested size: 86.84671pt x 86.84671pt.
 [32

 <./logos/LogoBadge-01.png>]
\tf@nav=\write10
\openout10 = `pres.nav'.

\tf@toc=\write11
\openout11 = `pres.toc'.

\tf@snm=\write12
\openout12 = `pres.snm'.

Package atveryend Info: Empty hook `BeforeClearDocument' on input line 686.
Package atveryend Info: Empty hook `AfterLastShipout' on input line 686.

(./pres.aux)
Package atveryend Info: Executing hook `AtVeryEndDocument' on input line 686.
Package atveryend Info: Executing hook `AtEndAfterFileList' on input line 686.
Package rerunfilecheck Info: File `pres.out' has not changed.
(rerunfilecheck)             Checksum: BDF446E71C1FDAAFFA1063DE7786376E;539.
 ) 
Here is how much of TeX's memory you used:
 33858 strings out of 492982
 694328 string characters out of 6134896
 765965 words of memory out of 5000000
 36742 multiletter control sequences out of 15000+600000
 578927 words of font info for 80 fonts, out of 8000000 for 9000
 1141 hyphenation exceptions out of 8191
 56i,20n,59p,10375b,818s stack positions out of 5000i,500n,10000p,200000b,80000s
{/usr/share/texmf/fonts/enc/dvips/cm-super/cm-super-t1.enc}{/usr/share/texliv
e/texmf-dist/fonts/enc/dvips/base/8r.enc}</usr/share/texlive/texmf-dist/fonts/t
ype1/public/amsfonts/cm/cmss10.pfb></usr/share/texlive/texmf-dist/fonts/type1/p
ublic/amsfonts/cm/cmsy10.pfb></usr/share/texlive/texmf-dist/fonts/type1/public/
amsfonts/cm/cmsy8.pfb></usr/share/texlive/texmf-dist/fonts/type1/public/amsfont
s/symbols/msam10.pfb></usr/share/texmf/fonts/type1/public/cm-super/sfrm1095.pfb
></usr/share/texmf/fonts/type1/public/cm-super/sftt1095.pfb></usr/share/texlive
/texmf-dist/fonts/type1/urw/helvetic/uhvb8a.pfb></usr/share/texlive/texmf-dist/
fonts/type1/urw/helvetic/uhvr8a.pfb></usr/share/texlive/texmf-dist/fonts/type1/
urw/helvetic/uhvro8a.pfb>
Output written on pres.pdf (32 pages, 18467858 bytes).
PDF statistics:
 1009 PDF objects out of 1200 (max. 8388607)
 915 compressed objects within 10 object streams
 74 named destinations out of 1000 (max. 500000)
 251 words of extra memory for PDF output out of 10000 (max. 10000000)

